# ------------------------------------------------------------------------------
# SUSY Les Houches Accord 2.0 - MSSM Spectrum + Decays
# CPsuperH2.3
# J.S. Lee, A. Pilaftsis, M. Carena, S.Y. Choi, M. Drees, J. Ellis, C.E.M.Wagner
# arXiv:1208.2212 [hep-ph]
# Comput.Phys.Commun.180:312-331,2009, arXiv:0712.2360 [hep-ph]
# Comput.Phys.Commun.156:283-317,2004, e-Print: hep-ph/0307377
# In case of problem(s): send email to jslee@jnu.ac.kr
# ------------------------------------------------- ----------------------------
#
BLOCK SPINFO  # Spectrum Program INFOrmation
     1   CPsuperH    # Spectrum Calculator
     2   2.3         # Version Number
#
BLOCK DCINFO  # DeCay program INFOrmation
     1   CPsuperH    # Decay Package
     2   2.3         # Version Number
#
BLOCK MODSEL  # MODel SELection
     5     2   # CP violation: Completely general CP phases
#
BLOCK SMINPUTS  # Standard Model INPUTS
         1     1.27998800E+02   # alpha_em^-1(M_Z)^MSbar
         2     1.16637000E-05   # G_F [GeV^-2]
         3     1.18400000E-01   # alpha_S(M_Z)^MSbar
         4     9.11870000E+01   # M_Z pole mass
         5     3.83515136E+00   # mb(mb)^MSbar
         6     1.71400000E+02   # mt pole mass
         7     1.77700000E+00   # mtau pole mass
        11     5.00000000E-04   # me pole mass
        13     1.06500000E-01   # mmu pole mass
        21     9.55592933E-03   # md(2 GeV)^MSbar
        22     4.77796467E-03   # mu(2 GeV)^MSbar
        23     1.83155312E-01   # ms(2 GeV)^MSbar
        24     1.00984597E+00   # mc(mc)^MSbar
#
BLOCK VCKMIN  # CKM Matrix
         1     2.27200000E-01   # lambda(M_Z)^MSbar [assumed]
         2     8.18000000E-01   # A(M_Z)^MSbar [assumed]
         3     2.21000000E-01   # rho^bar(M_Z)^MSbar [assumed]
         4     3.40000000E-01   # eta^bar(M_Z)^MSbar [assumed]
#
BLOCK EXTPAR  # non-minimal(EXT) model input PARameters [Real Part]
         0     5.28562163E+02   # M_input: Input scale for EXTPAR
         1     1.00000000E+02   # U(1)_Y gaugino (Bino) mass
         2     2.00000000E+02   # SU(2)_L gaugino (Wino) mass
         3     1.00000000E+03   # SU(3)_C gaugino (Gluino) mass
        11     6.12323400E-14   # Top trilinear coupling
        12     6.12323400E-14   # Bottom trilinear coupling
        13     6.12323400E-14   # Tau trilinear coupling
        23     1.50000000E+02   # mu parameter
        25     4.90339154E+00   # tan_beta(M_input)
        27     2.50000000E+02   # Charged Higgs pole mass
        31     1.00000000E+03   # Left 1st-gen. scalar lepton mass
        32     1.00000000E+03   # Left 2nd-gen. scalar lepton mass
        33     5.00000000E+02   # Left 3rd-gen. scalar lepton mass
        34     1.00000000E+03   # Right scalar electron mass
        35     1.00000000E+03   # Right scalar muon mass
        36     5.00000000E+02   # Right scalar tau mass
        41     1.00000000E+03   # Left 1st-gen. scalar quark mass
        42     1.00000000E+03   # Left 2nd-gen. scalar quark mass
        43     5.00000000E+02   # Left 3rd-gen. scalar quark mass
        44     1.00000000E+03   # Right scalar up mass
        45     1.00000000E+03   # Right scalar charm mass
        46     5.00000000E+02   # Right scalar top mass
        47     1.00000000E+03   # Right scalar down mass
        48     1.00000000E+03   # Right scalar strange mass
        49     5.00000000E+02   # Right scalar bottom mass
#
BLOCK IMEXTPAR  # non-minimal(EXT) model input PARameters [Imaginary Part]
         1     0.00000000E+00   # U(1)_Y gaugino (Bino) mass
         2     0.00000000E+00   # SU(2)_L gaugino (Wino) mass
         3     0.00000000E+00   # SU(3)_C gaugino (Gluino) mass
        11     1.00000000E+03   # Top trilinear coupling
        12     1.00000000E+03   # Bottom trilinear coupling
        13     1.00000000E+03   # Tau trilinear coupling
        23     0.00000000E+00   # mu parameter
#
BLOCK MASS  # Mass Spectrum [Pole masses]
# PDG code           Mass       Particle
        24     8.13800545E+01   # MW
        25     1.15057374E+02   # H1
        35     2.37045483E+02   # H2
        36     2.41092666E+02   # H3
        37     2.50000000E+02   # H+
   1000005     4.98623360E+02   # ~b_1
   2000005     5.05239325E+02   # ~b_2
   1000006     3.44896089E+02   # ~t_1
   2000006     6.50705681E+02   # ~t_2
   1000015     4.99692396E+02   # ~tau_1
   2000015     5.04123085E+02   # ~tau_2
   1000016     4.96147434E+02   # ~nu_tauL
   1000022     7.49024434E+01   # ~chi_10
   1000023     1.29499680E+02   # ~chi_20
   1000025     1.58394902E+02   # ~chi_30
   1000035     2.53992778E+02   # ~chi_40
   1000024     1.08548389E+02   # ~chi_1+
   1000037     2.52908430E+02   # ~chi_2+
#
BLOCK HCOUPLINGS  # Couplings of Higgs self interaction [Real]
         1    -7.04081776E-02   #  RE lambda_1
         2    -1.25906681E-01   #  RE lambda_2
         3    -7.52245829E-02   #  RE lambda_3
         4     2.10852041E-01   #  RE lambda_4
         5    -3.15448089E-04   #  RE lambda_5
         6    -5.93334308E-21   #  RE lambda_6
         7     1.57459299E-19   #  RE lambda_7
BLOCK IMHCOUPLINGS  # Couplings of Higgs self interaction [Imag.]
         1     0.00000000E+00   #  IM lambda_1
         2     0.00000000E+00   #  IM lambda_2
         3     0.00000000E+00   #  IM lambda_3
         4     0.00000000E+00   #  IM lambda_4
         5     3.86312492E-20   #  IM lambda_5
         6    -9.68988460E-05   #  IM lambda_6
         7     2.57150551E-03   #  IM lambda_7
#
BLOCK THRESHOLD  # Td3,Tu3  threshold corrections
  5  1      1.3040814E-02   # Re(Td3)
  5  2     -1.2742247E-02   # Im(Td3)
  6  1      6.8551761E-04   # Re(Tu3)
  6  2      1.2455712E-05   # Im(Tu3)
#
BLOCK NMIX  # Neutralino Mixing Matrix [Real Part]
  1  1     -7.3571028E-01   # Real[N_11] parameter
  1  2      2.7790486E-01   # Real[N_12] parameter
  1  3     -5.2121461E-01   # Real[N_13] parameter
  1  4      3.3141304E-01   # Real[N_14] parameter
  2  1      6.5353232E-01   # Real[N_21] parameter
  2  2      5.1487286E-01   # Real[N_22] parameter
  2  3     -4.1099342E-01   # Real[N_23] parameter
  2  4      3.7267392E-01   # Real[N_24] parameter
  3  1      0.0000000E+00   # Real[N_31] parameter
  3  2      0.0000000E+00   # Real[N_32] parameter
  3  3      0.0000000E+00   # Real[N_33] parameter
  3  4      0.0000000E+00   # Real[N_34] parameter
  4  1     -1.4901342E-01   # Real[N_41] parameter
  4  2      8.0019674E-01   # Real[N_42] parameter
  4  3      3.3538402E-01   # Real[N_43] parameter
  4  4     -4.7433927E-01   # Real[N_44] parameter
#
BLOCK IMNMIX  # Neutralino Mixing Matrix [Imaginary Part]
  1  1      0.0000000E+00   # Imag[N_11] parameter
  1  2      0.0000000E+00   # Imag[N_12] parameter
  1  3      0.0000000E+00   # Imag[N_13] parameter
  1  4      0.0000000E+00   # Imag[N_14] parameter
  2  1      0.0000000E+00   # Imag[N_21] parameter
  2  2      0.0000000E+00   # Imag[N_22] parameter
  2  3      0.0000000E+00   # Imag[N_23] parameter
  2  4      0.0000000E+00   # Imag[N_24] parameter
  3  1      9.7061289E-02   # Imag[N_31] parameter
  3  2     -1.3175736E-01   # Imag[N_32] parameter
  3  3     -6.6853369E-01   # Imag[N_33] parameter
  3  4     -7.2545283E-01   # Imag[N_34] parameter
  4  1      0.0000000E+00   # Imag[N_41] parameter
  4  2      0.0000000E+00   # Imag[N_42] parameter
  4  3      0.0000000E+00   # Imag[N_43] parameter
  4  4      0.0000000E+00   # Imag[N_44] parameter
#
BLOCK UMIX  # Chargino U Mixing Matrix [Real Part]
  1  1      4.6384630E-01   # Real[U_11] parameter
  1  2     -8.8591569E-01   # Real[U_12] parameter
  2  1      8.8591569E-01   # Real[U_21] parameter
  2  2      4.6384630E-01   # Real[U_22] parameter
#
BLOCK IMUMIX  # Chargino U Mixing Matrix [Imaginary Part]
  1  1      0.0000000E+00   # Imag[U_11] parameter
  1  2     -0.0000000E+00   # Imag[U_12] parameter
  2  1      0.0000000E+00   # Imag[U_21] parameter
  2  2      0.0000000E+00   # Imag[U_22] parameter
#
BLOCK VMIX  # Chargino V Mixing Matrix [Real Part]
  1  1      6.7042417E-01   # Real[V_11] parameter
  1  2     -7.4197805E-01   # Real[V_12] parameter
  2  1      7.4197805E-01   # Real[V_21] parameter
  2  2      6.7042417E-01   # Real[V_22] parameter
#
BLOCK IMVMIX  # Chargino V Mixing Matrix [Imaginary Part]
  1  1      0.0000000E+00   # Imag[V_11] parameter
  1  2     -0.0000000E+00   # Imag[V_12] parameter
  2  1      0.0000000E+00   # Imag[V_21] parameter
  2  2      0.0000000E+00   # Imag[V_22] parameter
#
BLOCK STOPMIX  # Stop Mixing Matrix [Real Part]
  1  1      7.0901028E-01   # Real[F_1L] parameter
  1  2      3.7665005E-02   # Real[F_1R] parameter
  2  1     -3.7665005E-02   # Real[F_2L] parameter
  2  2      7.0901028E-01   # Real[F_2R] parameter
#
BLOCK IMSTOPMIX  # Stop Mixing Matrix [Imaginary Part]
  1  1     -0.0000000E+00   # Imag[F_1L] parameter
  1  2      7.0419157E-01   # Imag[F_1R] parameter
  2  1      7.0419157E-01   # Imag[F_2L] parameter
  2  2     -0.0000000E+00   # Imag[F_2R] parameter
#
BLOCK SBOTMIX  # Sbottom Mixing Matrix [Real Part]
  1  1      5.4238176E-01   # Real[F_1L] parameter
  1  2      5.2205191E-01   # Real[F_1R] parameter
  2  1     -5.2205191E-01   # Real[F_2L] parameter
  2  2      5.4238176E-01   # Real[F_2R] parameter
#
BLOCK IMSBOTMIX  # Sbottom Mixing Matrix [Imaginary Part]
  1  1     -0.0000000E+00   # Imag[F_1L] parameter
  1  2      6.5824299E-01   # Imag[F_1R] parameter
  2  1      6.5824299E-01   # Imag[F_2L] parameter
  2  2     -0.0000000E+00   # Imag[F_2R] parameter
#
BLOCK STAUMIX  # Stau Mixing Matrix [Real Part]
  1  1      6.7559466E-01   # Real[F_1L] parameter
  1  2      4.3714985E-01   # Real[F_1R] parameter
  2  1     -4.3714985E-01   # Real[F_2L] parameter
  2  2      6.7559466E-01   # Real[F_2R] parameter
#
BLOCK IMSTAUMIX  # Stau Mixing Matrix [Imaginary Part]
  1  1     -0.0000000E+00   # Imag[F_1L] parameter
  1  2      5.9369341E-01   # Imag[F_1R] parameter
  2  1      5.9369341E-01   # Imag[F_2L] parameter
  2  2     -0.0000000E+00   # Imag[F_2R] parameter
#
BLOCK CVHMIX  # 3 x 4 Higgs Mixing Matrix
  1  1     -2.8625783E-01   # CVHMIX_11
  1  2     -9.5814941E-01   # CVHMIX_12
  1  3     -2.4328562E-03   # CVHMIX_13
  1  4      4.8657124E-04   # CVHMIX_14
  2  1     -1.3257831E-02   # CVHMIX_21
  2  2      1.3717508E-03   # CVHMIX_22
  2  3      9.8049357E-01   # CVHMIX_23
  2  4     -1.9609871E-01   # CVHMIX_24
  3  1      9.5806090E-01   # CVHMIX_31
  3  2     -2.8626530E-01   # CVHMIX_32
  3  3      1.2841349E-02   # CVHMIX_33
  3  4     -2.5682698E-03   # CVHMIX_34
#
BLOCK AU Q=  5.28562163E+02  # Up-type quark trilinear coupling at Q [Real]
  3  3      6.1232340E-14   # At(Q)MSSM DRbar
  2  2      0.0000000E+00   # Ac(Q)MSSM DRbar
  1  1      0.0000000E+00   # Au(Q)MSSM DRbar
#
BLOCK IMAU Q=  5.28562163E+02  # Up-type quark trilinear coupling at Q [Imag.]
  3  3      1.0000000E+03   # At(Q)MSSM DRbar
  2  2      0.0000000E+00   # Ac(Q)MSSM DRbar
  1  1      0.0000000E+00   # Au(Q)MSSM DRbar
#
BLOCK AD Q=  5.28562163E+02  # Down-type quark trilinear coupling at Q [Real]
  3  3      6.1232340E-14   # Ab(Q)MSSM DRbar
  2  2      0.0000000E+00   # As(Q)MSSM DRbar
  1  1      0.0000000E+00   # Ad(Q)MSSM DRbar
#
BLOCK IMAD Q=  5.28562163E+02  # Down-type quark trilinear coupling at Q [Imag.]
  3  3      1.0000000E+03   # Ab(Q)MSSM DRbar
  2  2      0.0000000E+00   # As(Q)MSSM DRbar
  1  1      0.0000000E+00   # Ad(Q)MSSM DRbar
#
BLOCK AE Q=  5.28562163E+02  # Charged lepton trilinear coupling at Q [Real]
  3  3      6.1232340E-14   # Atau(Q)MSSM DRbar
  2  2      1.0000000E+02   # Amu(Q)MSSM DRbar
  1  1      6.1232340E-14   # Ae(Q)MSSM DRbar
#
BLOCK IMAE Q=  5.28562163E+02  # Charged lepton trilinear coupling at Q [Imag.]
  3  3      1.0000000E+03   # Atau(Q)MSSM DRbar
  2  2      0.0000000E+00   # Amu(Q)MSSM DRbar
  1  1      1.0000000E+03   # Ae(Q)MSSM DRbar
#
BLOCK YU Q=  1.71400000E+02  # Up-type quark Yukawa coupling at Q [Real]
  3  3      9.5859552E-01   # y_t(Q)MSSM DRbar
#
BLOCK IMYU Q=  1.71400000E+02  # Up-type quark Yukawa coupling at Q [Imag.]
  3  3      2.1912275E-02   # y_t(Q)MSSM DRbar
#
BLOCK YD Q=  1.71400000E+02  # Down-type quark Yukawa coupling at Q [Real]
  3  3      7.7537145E-02   # y_b(Q)MSSM DRbar
#
BLOCK IMYD Q=  1.71400000E+02  # Down-type quark Yukawa coupling at Q [Imag.]
  3  3      2.7654651E-03   # y_b(Q)MSSM DRbar
#
BLOCK YE Q=  1.71400000E+02  # Charged lepton Yukawa coupling at Q [Real]
  3  3      5.2252133E-02   # y_tau(Q)MSSM DRbar
#
BLOCK IMYE Q=  1.71400000E+02  # Charged lepton Yukawa coupling at Q [Imag.]
  3  3     -2.3055387E-21   # y_tau(Q)MSSM DRbar
#
# ------------------------------------------------------------------------------
#
#      PDG code          Width
DECAY        25     5.52344163E-03   # H1 Decays
#          BR         NDA        ID1       ID2
     7.28241867E-09    2          11       -11   # H1 -> e- e+
     3.30394354E-04    2          13       -13   # H1 -> mu- mu+
     9.20958956E-02    2          15       -15   # H1 -> tau- tau+
     3.99863267E-06    2           1        -1   # H1 -> d dbar
     1.46893285E-03    2           3        -3   # H1 -> s sbar
     8.00642428E-01    2           5        -5   # H1 -> b bbar
     4.50053134E-07    2           2        -2   # H1 -> u ubar
     1.62870195E-02    2           4        -4   # H1 -> c cbar
     4.88546409E-02    2         -24        24   # H1 -> W- W+
     4.78999812E-03    2          23        23   # H1 -> Z Z
     1.39652042E-03    2          22        22   # H1 -> gam gam
     3.37092432E-02    2          21        21   # H1 -> g g
     4.20470671E-04    2          23        22   # H1 -> Z gam
#
#      PDG code          Width
DECAY        35     7.84131458E-01   # H2 Decays
#          BR         NDA        ID1       ID2
     1.24004241E-09    2          11       -11   # H2 -> e- e+
     5.62594615E-05    2          13       -13   # H2 -> mu- mu+
     1.57921008E-02    2          15       -15   # H2 -> tau- tau+
     6.00357318E-07    2           1        -1   # H2 -> d dbar
     2.20547832E-04    2           3        -3   # H2 -> s sbar
     1.19567115E-01    2           5        -5   # H2 -> b bbar
     2.43679501E-10    2           2        -2   # H2 -> u ubar
     8.81982272E-06    2           4        -4   # H2 -> c cbar
     4.43745878E-06    2         -24        24   # H2 -> W- W+
     1.88114420E-06    2          23        23   # H2 -> Z Z
     5.66461926E-03    2          25        23   # H2 -> H1 Z
     2.43312918E-05    2          25        25   # H2 -> H1 H1
     1.91817484E-05    2          22        22   # H2 -> gam gam
     1.46156792E-04    2          21        21   # H2 -> g g
     1.57329360E-06    2          23        22   # H2 -> Z gam
     3.06978020E-01    2     1000022   1000022   # H2 -> ~chi_10 ~chi_10
     1.05491117E-01    2     1000022   1000023   # H2 -> ~chi_10 ~chi_20
     3.98985669E-04    2     1000022   1000025   # H2 -> ~chi_10 ~chi_30
     4.45624252E-01    2     1000024  -1000024   # H2 -> ~chi_1+ ~chi_1-
#
#      PDG code          Width
DECAY        36     3.65862359E-01   # H3 Decays
#          BR         NDA        ID1       ID2
     2.58080595E-09    2          11       -11   # H3 -> e- e+
     1.17088448E-04    2          13       -13   # H3 -> mu- mu+
     3.28650710E-02    2          15       -15   # H3 -> tau- tau+
     1.24593265E-06    2           1        -1   # H3 -> d dbar
     4.57706606E-04    2           3        -3   # H3 -> s sbar
     2.47965544E-01    2           5        -5   # H3 -> b bbar
     1.12909949E-09    2           2        -2   # H3 -> u ubar
     4.08661710E-05    2           4        -4   # H3 -> c cbar
     5.59201038E-02    2         -24        24   # H3 -> W- W+
     2.38441488E-02    2          23        23   # H3 -> Z Z
     2.70914481E-06    2          25        23   # H3 -> H1 Z
     3.15678405E-09    2          35        23   # H3 -> H2 Z
     1.52962339E-01    2          25        25   # H3 -> H1 H1
     5.23780099E-06    2          22        22   # H3 -> gam gam
     9.26575411E-04    2          21        21   # H3 -> g g
     8.66228809E-06    2          23        22   # H3 -> Z gam
     2.04883173E-01    2     1000022   1000022   # H3 -> ~chi_10 ~chi_10
     2.80419609E-02    2     1000022   1000023   # H3 -> ~chi_10 ~chi_20
     1.47449704E-01    2     1000022   1000025   # H3 -> ~chi_10 ~chi_30
     1.04507857E-01    2     1000024  -1000024   # H3 -> ~chi_1+ ~chi_1-
#
#      PDG code          Width
DECAY        37     4.24188052E-01   # H+ Decays
#          BR         NDA        ID1       ID2
     2.41753669E-09    2         -11        12   # H+ -> e+ nu_e
     1.09681182E-04    2         -13        14   # H+ -> mu+ nu_mu
     3.05326173E-02    2         -15        16   # H+ -> tau+ nu_tau
     6.04503340E-07    2           2        -1   # H+ -> u dbar
     3.07241292E-04    2           4        -3   # H+ -> c sbar
     5.45785851E-01    2           6        -5   # H+ -> t bbar
     2.39796002E-02    2          24        25   # H+ -> W+ H1
     1.05856619E-06    2          24        35   # H+ -> W+ H2
     1.64091396E-07    2          24        36   # H+ -> W+ H3
     2.77351438E-01    2     1000024   1000022   # H+ -> ~chi_1+ ~chi_10
     1.21931742E-01    2     1000024   1000023   # H+ -> ~chi_1+ ~chi_20
#
#      PDG code          Width
DECAY         6     1.31277702E+00   # Top Decays
#          BR         NDA        ID1       ID2
     1.00000000E+00    2          24         5   # t -> W+ b
     0.00000000E+00    2          37         5   # t -> H+ b
#
Block FOBS  # Flavour observables
# ParentPDG type   M     value            q  NDA        ID1         ID2
         5    1    1     3.94231649E-04   0   2           3          22   # BR(b->s gamma)
         5    3    1     2.02941789E-02   0   2           3          22   # ACP[BR(b->s gamma)]
       531    1    1     3.59542204E-09   0   2          13         -13   # BR(B_s->mu+ mu-)
       521    2    1     9.78003951E-01   0   2         -15          16   # BR(B_u->tau nu)/BR(SM)
       511    1    1     2.22332267E-08   0   2         -15          15   # BR(B_d->tau+ tau-)
       511    7    1     1.50541556E-05   0   1        -511               # Delta M [B_d] (SUSY) in ps^-1
       531    7    1     1.11138246E-02   0   1        -533               # Delta M [B_s] (SUSY) in ps^-1
#
Block FDIPOLE  # Electric and Magnetic dipole moments
# PDG_code     type  M     value            comment
   1000812050    1   1    -6.99543484E-26   # EDM of Thallium in [e cm]
         2112    1   1     3.49796334E-25   # EDM of neutron in [e cm] (Chiral Quark Model)
         2112    1   1    -1.04726841E-26   # EDM of neutron in [e cm] (Parton Quark Model)
         2112    1   1     1.56719024E-25   # EDM of neutron in [e cm] (QCD Sum-rule Approach)
   1000801990    1   1     2.23991866E-28   # EDM of Mercury in [e cm] (I)
   1000801990    1   1     1.24956457E-28   # EDM of Mercury in [e cm] (II)
   1000801990    1   1     1.71201887E-28   # EDM of Mercury in [e cm] (III)
   1000801990    1   1     5.30456389E-30   # EDM of Mercury in [e cm] (IV)
   1000882250    1   1     4.54976237E-26   # EDM of Radium in [e cm]
   1000010020    1   1     2.18314953E-26   # EDM of Deuteron in [e cm]
           13    1   1     1.03124125E-25   # EDM of muon in [e cm]
           13    2   1     1.67845871E-10   # (a_mu)_SUSY of muon
#
Block HiggsBoundsInputHiggsCouplingsBosons
   9.91383798E-01    3          25          24          24   # H1-W-W coupling^2, normalized to SM
   1.57493050E-06    3          35          24          24   # H2-W-W coupling^2, normalized to SM
   8.61462724E-03    3          36          24          24   # H3-W-W coupling^2, normalized to SM
   9.91383798E-01    3          25          23          23   # H1-Z-Z coupling^2, normalized to SM
   1.57493050E-06    3          35          23          23   # H2-Z-Z coupling^2, normalized to SM
   8.61462724E-03    3          36          23          23   # H3-Z-Z coupling^2, normalized to SM
   8.07394107E-01    3          25          21          21   # H1-gluon-gluon coupling^2, normalized to SM
   5.43823870E-02    3          35          21          21   # H2-gluon-gluon coupling^2, normalized to SM
   1.53345423E-01    3          36          21          21   # H3-gluon-gluon coupling^2, normalized to SM
   0.00000000E+00    3          25          25          23   # H1-H1-Z coupling^2 = 0
   8.61462724E-03    3          25          35          23   # H1-H2-Z coupling^2 = H3-W-W coupling^2, normalized to SM
   1.57493050E-06    3          25          36          23   # H1-H3-Z coupling^2 = H2-W-W coupling^2, normalized to SM
   0.00000000E+00    3          35          35          23   # H2-H2-Z coupling^2 = 0
   9.91383798E-01    3          35          36          23   # H2-H3-Z coupling^2 = H1-W-W coupling^2, normalized to SM
   0.00000000E+00    3          36          36          23   # H3-H3-Z coupling^2 = 0
#
Block LiLithInputHiggsCouplingsBosons
  -9.95682579E-01    3          25          24          24   # H1-W-W couplin   , normalized to SM
  -1.25496235E-03    3          35          24          24   # H2-W-W couplin   , normalized to SM
  -9.28150162E-02    3          36          24          24   # H3-W-W couplin   , normalized to SM
  -9.95682579E-01    3          25          23          23   # H1-Z-Z couplin   , normalized to SM
  -1.25496235E-03    3          35          23          23   # H2-Z-Z couplin   , normalized to SM
  -9.28150162E-02    3          36          23          23   # H3-Z-Z couplin   , normalized to SM
   8.98551115E-01    3          25          21          21   # H1-gluon-gluon coupling, norm  alized to SM
   2.33200315E-01    3          35          21          21   # H2-gluon-gluon coupling, norm  alized to SM
   3.91593441E-01    3          36          21          21   # H3-gluon-gluon coupling^2, normalized to SM
   0.00000000E+00    3          25          25          23   # H1-H1-Z coupling^2 = 0
  -9.28150162E-02    3          25          35          23   # H1-H2-Z coupli   ng = H3-W-W coupling, normalized to SM
  -1.25496235E-03    3          25          36          23   # H1-H3-Z coupli   ng^2 = H2-W-W coupling^2, normalized to SM
   0.00000000E+00    3          35          35          23   # H2-H2-Z coupling = 0
  -9.95682579E-01    3          35          36          23   # H2-H3-Z coupli   ng^2 = H1-W-W coupling, normalized to SM
   0.00000000E+00    3          36          36          23   # H3-H3-Z coupling = 0
#
Block HiggsBoundsInputHiggsCouplingsFermions
   2.13618829E+00     1.55175657E-04    3          25          15          15   # H1-tau-tau eff. coupling^2, normmalized to SM
   4.60753546E-03     2.52046236E+01    3          35          15          15   # H2-tau-tau eff. coupling^2, normmalized to SM
   2.40683062E+01     4.32326657E-03    3          36          15          15   # H3-tau-tau eff. coupling^2, normmalized to SM
   2.11268067E+00     3.70720031E-05    3          25           5           5   # H1-b-b eff. coupling^2, normmalized to SM
   2.00987596E-07     2.43308276E+01    3          35           5           5   # H2-b-b eff. coupling^2, normmalized to SM
   2.32181857E+01     1.89809834E-06    3          36           5           5   # H3-b-b eff. coupling^2, normmalized to SM
   9.55418511E-01     2.31700824E-07    3          25           6           6   # H1-top-top eff. coupling^2, normmalized to SM
   1.65598693E-06     3.85803130E-02    3          35           6           6   # H2-top-top eff. coupling^2, normmalized to SM
   8.31666676E-02     6.28988869E-06    3          36           6           6   # H3-top-top eff. coupling^2, normmalized to SM
Block LiLithInputHiggsCouplingsFermions
  -1.46157049E+00    -1.24569522E-02    3          25          15          15   # H1-tau-tau eff. coupling, normmalized to SM
  -6.78788293E-02     5.02042066E+00    3          35          15          15   # H2-tau-tau eff. coupling, normmalized to SM
   4.90594600E+00     6.57515518E-02    3          36          15          15   # H3-tau-tau eff. coupling, normmalized to SM
  -1.45350634E+00    -6.08867828E-03    3          25           5           5   # H1-b-b eff. coupling^2, normmalized to SM
  -4.48316401E-04     4.93262887E+00    3          35           5           5   # H2-b-b eff. coupling^2, normmalized to SM
   4.81852526E+00    -1.37771490E-03    3          36           5           5   # H3-b-b eff. coupling^2, normmalized to SM
  -9.77455120E-01    -4.81353118E-04    3          25           6           6   # H1-top-top eff. coupling, normmalized to SM
   1.28685156E-03     1.96418719E-01    3          35           6           6   # H2-top-top eff. coupling, normmalized to SM
  -2.88386317E-01     2.50796505E-03    3          36           6           6   # H3-top-top eff. coupling, normmalized to SM
# ------------------------------------------------------------------------------
