 ---------------------------------------------------------
  Masses and Mixing Matrix of Higgs bosons :
                                HMASS_H(I) and OMIX_H(A,I)
 ---------------------------------------------------------
  H1  Pole Mass           = 0.1151E+03 GeV
  H2  Pole Mass           = 0.2370E+03 GeV
  H3  Pole Mass           = 0.2411E+03 GeV
  Charged Higgs Pole Mass = 0.2500E+03 GeV [SSPARA_H(2)]
                          [H1]        [H2]        [H3]
           [phi_1] [ -.2863E+00  -.1326E-01  0.9581E+00  ]
  O(IA,IH)=[phi_2] [ -.9581E+00  0.1372E-02  -.2863E+00  ]
           [  a  ] [ 0.2481E-02  -.9999E+00  -.1310E-01  ]
 ---------------------------------------------------------
  
 ---------------------------------------------------------
  Masses and Mixing Matrix of Stop and Sbottom : 
      STMASS_H(I), STMIX_H(A,I), SBMASS_H(I), SBMIX_H(A,I)
 ---------------------------------------------------------
  Mass of Stop(1)    = 0.3449E+03 GeV
  Mass of Stop(2)    = 0.6507E+03 GeV
  U[Stop] = 
                 [1]                     [2]
  [L] [(0.7090E+00 0.0000E+00) (-.3767E-01 -.7042E+00) ]
  [R] [(0.3767E-01 -.7042E+00) (0.7090E+00 0.0000E+00) ]
  Theta = 0.4485E+02 Deg.  :  Phi = -.8694E+02 Deg. 
  
  Mass of Sbottom(1) = 0.4986E+03 GeV
  Mass of Sbottom(2) = 0.5052E+03 GeV
  U[Sbottom] = 
                 [1]                     [2]
  [L] [(0.5424E+00 0.0000E+00) (-.5221E+00 -.6582E+00) ]
  [R] [(0.5221E+00 -.6582E+00) (0.5424E+00 0.0000E+00) ]
  Theta = 0.5715E+02 Deg.  :  Phi = -.5158E+02 Deg. 
 ---------------------------------------------------------
  Masses and Mixing Matrix of Sneutrino and Stau : 
                 SNU3MASS_H, STAUMASS_H(I), STAUMIX_H(A,I)
 ---------------------------------------------------------
  Mass of Sneutrino3 = 0.4961E+03 GeV
  
  Mass of Stau(1)    = 0.4997E+03 GeV
  Mass of Stau(2)    = 0.5041E+03 GeV
  U[Stau] = 
                 [1]                     [2]
  [L] [(0.6756E+00 0.0000E+00) (-.4371E+00 -.5937E+00) ]
  [R] [(0.4371E+00 -.5937E+00) (0.6756E+00 0.0000E+00) ]
  Theta = 0.4750E+02 Deg.  :  Phi = -.5363E+02 Deg. 
 ---------------------------------------------------------
 ---------------------------------------------------------
  Chargino Masses and Mixing Matrices : 
                         MC_H(I), UL_H(I,A), and UR_H(I,A)
 ---------------------------------------------------------
  MC1 = 0.1085E+03 GeV      MC2 = 0.2529E+03 GeV
  
  UL_H =
   [(0.4638E+00 0.0000E+00) (-.8859E+00 -.0000E+00) ]
   [(0.8859E+00 0.0000E+00) (0.4638E+00 0.0000E+00) ]
  
  UR_H =
   [(0.6704E+00 -.0000E+00) (-.7420E+00 0.0000E+00) ]
   [(0.7420E+00 -.0000E+00) (0.6704E+00 -.0000E+00) ]
 ---------------------------------------------------------
  Neutralino Masses MN_H(I) and Mixing Matrix N_H(I,A)
 ---------------------------------------------------------
  MN1 = 0.7490E+02 GeV      MN2 = 0.1295E+03 GeV
  MN3 = 0.1584E+03 GeV      MN4 = 0.2540E+03 GeV
  
  N_H(1,1) = (-.7357E+00 0.0000E+00) 
  N_H(1,2) = (0.2779E+00 0.0000E+00) 
  N_H(1,3) = (-.5212E+00 0.0000E+00) 
  N_H(1,4) = (0.3314E+00 0.0000E+00) 
  
  N_H(2,1) = (0.6535E+00 0.0000E+00) 
  N_H(2,2) = (0.5149E+00 0.0000E+00) 
  N_H(2,3) = (-.4110E+00 0.0000E+00) 
  N_H(2,4) = (0.3727E+00 0.0000E+00) 
  
  N_H(3,1) = (0.0000E+00 0.9706E-01) 
  N_H(3,2) = (0.0000E+00 -.1318E+00) 
  N_H(3,3) = (0.0000E+00 -.6685E+00) 
  N_H(3,4) = (0.0000E+00 -.7255E+00) 
  
  N_H(4,1) = (-.1490E+00 0.0000E+00) 
  N_H(4,2) = (0.8002E+00 0.0000E+00) 
  N_H(4,3) = (0.3354E+00 0.0000E+00) 
  N_H(4,4) = (-.4743E+00 0.0000E+00) 
 ---------------------------------------------------------
 ---------------------------------------------------------
                Neutral Higgs Boson Decays
 ---------------------------------------------------------
 DECAY MODE    [ IM]   WIDTH[GeV]  BR[SM]      BR[TOTAL]
 ---------------------------------------------------------
 H1 -> e    e  [  1]:  0.4022E-10  0.6360E-08  0.7282E-08
 H1 -> mu   mu [  2]:  0.1825E-05  0.2885E-03  0.3304E-03
 H1 -> tau  tau[  3]:  0.5087E-03  0.8021E-01  0.9210E-01
 H1 -> d    d  [  4]:  0.2209E-07  0.3508E-05  0.3999E-05
 H1 -> s    s  [  5]:  0.8114E-05  0.1289E-02  0.1469E-02
 H1 -> b    b  [  6]:  0.4422E-02  0.7051E+00  0.8006E+00
 H1 -> u    u  [  7]:  0.2486E-08  0.8771E-06  0.4501E-06
 H1 -> c    c  [  8]:  0.8996E-04  0.3174E-01  0.1629E-01
 H1 -> t    t  [  9]:  0.0000E+00  0.0000E+00  0.0000E+00
 H1 -> W    W  [ 10]:  0.2698E-03  0.9169E-01  0.4885E-01
 H1 -> Z    Z  [ 11]:  0.2646E-04  0.8990E-02  0.4790E-02
 H1 -> H1   Z  [ 12]:  0.0000E+00  0.0000E+00  0.0000E+00
 H1 -> H2   Z  [ 13]:  0.0000E+00  0.0000E+00  0.0000E+00
 H1 -> H1   H1 [ 14]:  0.0000E+00  0.0000E+00  0.0000E+00
 H1 -> H1   H2 [ 15]:  0.0000E+00  0.0000E+00  0.0000E+00
 H1 -> H2   H2 [ 16]:  0.0000E+00  0.0000E+00  0.0000E+00
 H1 -> ph   ph [ 17]:  0.7714E-05  0.2255E-02  0.1397E-02
 H1 -> gl   gl [ 18]:  0.1862E-03  0.7768E-01  0.3371E-01
 H1 -> Z    ph [ 19]:  0.2322E-05  0.7162E-03  0.4205E-03
 H1 TOTAL(SM)  [ 50]:  0.5523E-02  0.1000E+01  0.1000E+01
 H1 -> N1   N1 [ 51]:  0.0000E+00  0.0000E+00  0.0000E+00
 H1 -> N1   N2 [ 52]:  0.0000E+00  0.0000E+00  0.0000E+00
 H1 -> N1   N3 [ 53]:  0.0000E+00  0.0000E+00  0.0000E+00
 H1 -> N1   N4 [ 54]:  0.0000E+00  0.0000E+00  0.0000E+00
 H1 -> N2   N2 [ 55]:  0.0000E+00  0.0000E+00  0.0000E+00
 H1 -> N2   N3 [ 56]:  0.0000E+00  0.0000E+00  0.0000E+00
 H1 -> N2   N4 [ 57]:  0.0000E+00  0.0000E+00  0.0000E+00
 H1 -> N3   N3 [ 58]:  0.0000E+00  0.0000E+00  0.0000E+00
 H1 -> N3   N4 [ 59]:  0.0000E+00  0.0000E+00  0.0000E+00
 H1 -> N4   N4 [ 60]:  0.0000E+00  0.0000E+00  0.0000E+00
 H1 -> C1+  C1-[ 61]:  0.0000E+00  0.0000E+00  0.0000E+00
 H1 -> C1+  C2-[ 62]:  0.0000E+00  0.0000E+00  0.0000E+00
 H1 -> C2+  C1-[ 63]:  0.0000E+00  0.0000E+00  0.0000E+00
 H1 -> C2+  C2-[ 64]:  0.0000E+00  0.0000E+00  0.0000E+00
 H1 -> ST1* ST1[ 65]:  0.0000E+00  0.0000E+00  0.0000E+00
 H1 -> ST1* ST2[ 66]:  0.0000E+00  0.0000E+00  0.0000E+00
 H1 -> ST2* ST1[ 67]:  0.0000E+00  0.0000E+00  0.0000E+00
 H1 -> ST2* ST2[ 68]:  0.0000E+00  0.0000E+00  0.0000E+00
 H1 -> SB1* SB1[ 69]:  0.0000E+00  0.0000E+00  0.0000E+00
 H1 -> SB1* SB2[ 70]:  0.0000E+00  0.0000E+00  0.0000E+00
 H1 -> SB2* SB1[ 71]:  0.0000E+00  0.0000E+00  0.0000E+00
 H1 -> SB2* SB2[ 72]:  0.0000E+00  0.0000E+00  0.0000E+00
 H1 ->STA1*STA1[ 73]:  0.0000E+00  0.0000E+00  0.0000E+00
 H1 ->STA1*STA2[ 74]:  0.0000E+00  0.0000E+00  0.0000E+00
 H1 ->STA2*STA1[ 75]:  0.0000E+00  0.0000E+00  0.0000E+00
 H1 ->STA2*STA2[ 76]:  0.0000E+00  0.0000E+00  0.0000E+00
 H1 ->SNU3*SNU3[ 77]:  0.0000E+00  0.0000E+00  0.0000E+00
 H1 TOTAL(SUSY)[100]:  0.0000E+00  0.0000E+00  0.0000E+00
 H1 TOTAL      [101]:  0.5523E-02  0.1000E+01  0.1000E+01
  
 * Note : WIDTH=GAMBRN(IM,1,1), BR[SM]   =GAMBRN(IM,2,1) 
                       and      BR[TOTAL]=GAMBRN(IM,3,1) 
 ---------------------------------------------------------
                Neutral Higgs Boson Decays
 ---------------------------------------------------------
 DECAY MODE    [ IM]   WIDTH[GeV]  BR[SM]      BR[TOTAL]
 ---------------------------------------------------------
 H2 -> e    e  [  1]:  0.9724E-09  0.1234E-10  0.1240E-08
 H2 -> mu   mu [  2]:  0.4411E-04  0.5596E-06  0.5626E-04
 H2 -> tau  tau[  3]:  0.1238E-01  0.1558E-03  0.1579E-01
 H2 -> d    d  [  4]:  0.4708E-06  0.6061E-08  0.6004E-06
 H2 -> s    s  [  5]:  0.1729E-03  0.2227E-05  0.2205E-03
 H2 -> b    b  [  6]:  0.9376E-01  0.1222E-02  0.1196E+00
 H2 -> u    u  [  7]:  0.1911E-09  0.1515E-08  0.2437E-09
 H2 -> c    c  [  8]:  0.6916E-05  0.5484E-04  0.8820E-05
 H2 -> t    t  [  9]:  0.0000E+00  0.0000E+00  0.0000E+00
 H2 -> W    W  [ 10]:  0.3480E-05  0.7007E+00  0.4437E-05
 H2 -> Z    Z  [ 11]:  0.1475E-05  0.2970E+00  0.1881E-05
 H2 -> H1   Z  [ 12]:  0.4442E-02  0.0000E+00  0.5665E-02
 H2 -> H2   Z  [ 13]:  0.0000E+00  0.0000E+00  0.0000E+00
 H2 -> H1   H1 [ 14]:  0.1908E-04  0.0000E+00  0.2433E-04
 H2 -> H1   H2 [ 15]:  0.0000E+00  0.0000E+00  0.0000E+00
 H2 -> H2   H2 [ 16]:  0.0000E+00  0.0000E+00  0.0000E+00
 H2 -> ph   ph [ 17]:  0.1504E-04  0.2978E-04  0.1918E-04
 H2 -> gl   gl [ 18]:  0.1146E-03  0.6778E-03  0.1462E-03
 H2 -> Z    ph [ 19]:  0.1234E-05  0.1154E-03  0.1573E-05
 H2 TOTAL(SM)  [ 50]:  0.1110E+00  0.1000E+01  0.1415E+00
 H2 -> N1   N1 [ 51]:  0.2407E+00  0.0000E+00  0.3070E+00
 H2 -> N1   N2 [ 52]:  0.8272E-01  0.0000E+00  0.1055E+00
 H2 -> N1   N3 [ 53]:  0.3129E-03  0.0000E+00  0.3990E-03
 H2 -> N1   N4 [ 54]:  0.0000E+00  0.0000E+00  0.0000E+00
 H2 -> N2   N2 [ 55]:  0.0000E+00  0.0000E+00  0.0000E+00
 H2 -> N2   N3 [ 56]:  0.0000E+00  0.0000E+00  0.0000E+00
 H2 -> N2   N4 [ 57]:  0.0000E+00  0.0000E+00  0.0000E+00
 H2 -> N3   N3 [ 58]:  0.0000E+00  0.0000E+00  0.0000E+00
 H2 -> N3   N4 [ 59]:  0.0000E+00  0.0000E+00  0.0000E+00
 H2 -> N4   N4 [ 60]:  0.0000E+00  0.0000E+00  0.0000E+00
 H2 -> C1+  C1-[ 61]:  0.3494E+00  0.0000E+00  0.4456E+00
 H2 -> C1+  C2-[ 62]:  0.0000E+00  0.0000E+00  0.0000E+00
 H2 -> C2+  C1-[ 63]:  0.0000E+00  0.0000E+00  0.0000E+00
 H2 -> C2+  C2-[ 64]:  0.0000E+00  0.0000E+00  0.0000E+00
 H2 -> ST1* ST1[ 65]:  0.0000E+00  0.0000E+00  0.0000E+00
 H2 -> ST1* ST2[ 66]:  0.0000E+00  0.0000E+00  0.0000E+00
 H2 -> ST2* ST1[ 67]:  0.0000E+00  0.0000E+00  0.0000E+00
 H2 -> ST2* ST2[ 68]:  0.0000E+00  0.0000E+00  0.0000E+00
 H2 -> SB1* SB1[ 69]:  0.0000E+00  0.0000E+00  0.0000E+00
 H2 -> SB1* SB2[ 70]:  0.0000E+00  0.0000E+00  0.0000E+00
 H2 -> SB2* SB1[ 71]:  0.0000E+00  0.0000E+00  0.0000E+00
 H2 -> SB2* SB2[ 72]:  0.0000E+00  0.0000E+00  0.0000E+00
 H2 ->STA1*STA1[ 73]:  0.0000E+00  0.0000E+00  0.0000E+00
 H2 ->STA1*STA2[ 74]:  0.0000E+00  0.0000E+00  0.0000E+00
 H2 ->STA2*STA1[ 75]:  0.0000E+00  0.0000E+00  0.0000E+00
 H2 ->STA2*STA2[ 76]:  0.0000E+00  0.0000E+00  0.0000E+00
 H2 ->SNU3*SNU3[ 77]:  0.0000E+00  0.0000E+00  0.0000E+00
 H2 TOTAL(SUSY)[100]:  0.6732E+00  0.0000E+00  0.8585E+00
 H2 TOTAL      [101]:  0.7841E+00  0.1000E+01  0.1000E+01
  
 * Note : WIDTH=GAMBRN(IM,1,2), BR[SM]   =GAMBRN(IM,2,2) 
                       and      BR[TOTAL]=GAMBRN(IM,3,2) 
 ---------------------------------------------------------
                Neutral Higgs Boson Decays
 ---------------------------------------------------------
 DECAY MODE    [ IM]   WIDTH[GeV]  BR[SM]      BR[TOTAL]
 ---------------------------------------------------------
 H3 -> e    e  [  1]:  0.9442E-09  0.1165E-10  0.2581E-08
 H3 -> mu   mu [  2]:  0.4284E-04  0.5286E-06  0.1171E-03
 H3 -> tau  tau[  3]:  0.1202E-01  0.1471E-03  0.3287E-01
 H3 -> d    d  [  4]:  0.4558E-06  0.5711E-08  0.1246E-05
 H3 -> s    s  [  5]:  0.1675E-03  0.2098E-05  0.4577E-03
 H3 -> b    b  [  6]:  0.9072E-01  0.1151E-02  0.2480E+00
 H3 -> u    u  [  7]:  0.4131E-09  0.1428E-08  0.1129E-08
 H3 -> c    c  [  8]:  0.1495E-04  0.5167E-04  0.4087E-04
 H3 -> t    t  [  9]:  0.0000E+00  0.0000E+00  0.0000E+00
 H3 -> W    W  [ 10]:  0.2046E-01  0.6996E+00  0.5592E-01
 H3 -> Z    Z  [ 11]:  0.8724E-02  0.2983E+00  0.2384E-01
 H3 -> H1   Z  [ 12]:  0.9912E-06  0.0000E+00  0.2709E-05
 H3 -> H2   Z  [ 13]:  0.1155E-08  0.0000E+00  0.3157E-08
 H3 -> H1   H1 [ 14]:  0.5596E-01  0.0000E+00  0.1530E+00
 H3 -> H1   H2 [ 15]:  0.0000E+00  0.0000E+00  0.0000E+00
 H3 -> H2   H2 [ 16]:  0.0000E+00  0.0000E+00  0.0000E+00
 H3 -> ph   ph [ 17]:  0.1916E-05  0.2811E-04  0.5238E-05
 H3 -> gl   gl [ 18]:  0.3390E-03  0.6674E-03  0.9266E-03
 H3 -> Z    ph [ 19]:  0.3169E-05  0.1102E-03  0.8662E-05
 H3 TOTAL(SM)  [ 50]:  0.1885E+00  0.1000E+01  0.5151E+00
 H3 -> N1   N1 [ 51]:  0.7496E-01  0.0000E+00  0.2049E+00
 H3 -> N1   N2 [ 52]:  0.1026E-01  0.0000E+00  0.2804E-01
 H3 -> N1   N3 [ 53]:  0.5395E-01  0.0000E+00  0.1474E+00
 H3 -> N1   N4 [ 54]:  0.0000E+00  0.0000E+00  0.0000E+00
 H3 -> N2   N2 [ 55]:  0.0000E+00  0.0000E+00  0.0000E+00
 H3 -> N2   N3 [ 56]:  0.0000E+00  0.0000E+00  0.0000E+00
 H3 -> N2   N4 [ 57]:  0.0000E+00  0.0000E+00  0.0000E+00
 H3 -> N3   N3 [ 58]:  0.0000E+00  0.0000E+00  0.0000E+00
 H3 -> N3   N4 [ 59]:  0.0000E+00  0.0000E+00  0.0000E+00
 H3 -> N4   N4 [ 60]:  0.0000E+00  0.0000E+00  0.0000E+00
 H3 -> C1+  C1-[ 61]:  0.3824E-01  0.0000E+00  0.1045E+00
 H3 -> C1+  C2-[ 62]:  0.0000E+00  0.0000E+00  0.0000E+00
 H3 -> C2+  C1-[ 63]:  0.0000E+00  0.0000E+00  0.0000E+00
 H3 -> C2+  C2-[ 64]:  0.0000E+00  0.0000E+00  0.0000E+00
 H3 -> ST1* ST1[ 65]:  0.0000E+00  0.0000E+00  0.0000E+00
 H3 -> ST1* ST2[ 66]:  0.0000E+00  0.0000E+00  0.0000E+00
 H3 -> ST2* ST1[ 67]:  0.0000E+00  0.0000E+00  0.0000E+00
 H3 -> ST2* ST2[ 68]:  0.0000E+00  0.0000E+00  0.0000E+00
 H3 -> SB1* SB1[ 69]:  0.0000E+00  0.0000E+00  0.0000E+00
 H3 -> SB1* SB2[ 70]:  0.0000E+00  0.0000E+00  0.0000E+00
 H3 -> SB2* SB1[ 71]:  0.0000E+00  0.0000E+00  0.0000E+00
 H3 -> SB2* SB2[ 72]:  0.0000E+00  0.0000E+00  0.0000E+00
 H3 ->STA1*STA1[ 73]:  0.0000E+00  0.0000E+00  0.0000E+00
 H3 ->STA1*STA2[ 74]:  0.0000E+00  0.0000E+00  0.0000E+00
 H3 ->STA2*STA1[ 75]:  0.0000E+00  0.0000E+00  0.0000E+00
 H3 ->STA2*STA2[ 76]:  0.0000E+00  0.0000E+00  0.0000E+00
 H3 ->SNU3*SNU3[ 77]:  0.0000E+00  0.0000E+00  0.0000E+00
 H3 TOTAL(SUSY)[100]:  0.1774E+00  0.0000E+00  0.4849E+00
 H3 TOTAL      [101]:  0.3659E+00  0.1000E+01  0.1000E+01
  
 * Note : WIDTH=GAMBRN(IM,1,3), BR[SM]   =GAMBRN(IM,2,3) 
                       and      BR[TOTAL]=GAMBRN(IM,3,3) 
 ---------------------------------------------------------
 ---------------------------------------------------------
                Charged Higgs Boson Decays
 ---------------------------------------------------------
 DECAY MODE      [IM]   WIDTH[GeV]  BR[SM]      BR[TOTAL]
 ---------------------------------------------------------
 CH+ -> e+   nu  [ 1]:  0.1025E-08  0.0000E+00  0.2418E-08
 CH+ -> mu+  nu  [ 2]:  0.4653E-04  0.0000E+00  0.1097E-03
 CH+ -> tau+ nu  [ 3]:  0.1295E-01  0.0000E+00  0.3053E-01
 CH+ -> u    d   [ 4]:  0.2564E-06  0.0000E+00  0.6045E-06
 CH+ -> c    s   [ 5]:  0.1303E-03  0.0000E+00  0.3072E-03
 CH+ -> t    b   [ 6]:  0.2315E+00  0.0000E+00  0.5458E+00
 CH+ -> H1   W   [ 7]:  0.1017E-01  0.0000E+00  0.2398E-01
 CH+ -> H2   W   [ 8]:  0.4490E-06  0.0000E+00  0.1059E-05
 CH+ -> H3   W   [ 9]:  0.6961E-07  0.0000E+00  0.1641E-06
 CH+ TOTAL(SM)   [25]:  0.2548E+00  0.0000E+00  0.6007E+00
 CH+ -> N1   C1+ [26]:  0.1176E+00  0.0000E+00  0.2774E+00
 CH+ -> N2   C1+ [27]:  0.5172E-01  0.0000E+00  0.1219E+00
 CH+ -> N3   C1+ [28]:  0.0000E+00  0.0000E+00  0.0000E+00
 CH+ -> N4   C1+ [29]:  0.0000E+00  0.0000E+00  0.0000E+00
 CH+ -> N1   C2+ [30]:  0.0000E+00  0.0000E+00  0.0000E+00
 CH+ -> N2   C2+ [31]:  0.0000E+00  0.0000E+00  0.0000E+00
 CH+ -> N3   C2+ [32]:  0.0000E+00  0.0000E+00  0.0000E+00
 CH+ -> N4   C2+ [33]:  0.0000E+00  0.0000E+00  0.0000E+00
 CH+ -> ST1 SB1* [34]:  0.0000E+00  0.0000E+00  0.0000E+00
 CH+ -> ST1 SB2* [35]:  0.0000E+00  0.0000E+00  0.0000E+00
 CH+ -> ST2 SB1* [36]:  0.0000E+00  0.0000E+00  0.0000E+00
 CH+ -> ST2 SB2* [37]:  0.0000E+00  0.0000E+00  0.0000E+00
 CH+ ->SNU3 STA1*[38]:  0.0000E+00  0.0000E+00  0.0000E+00
 CH+ ->SNU3 STA2*[39]:  0.0000E+00  0.0000E+00  0.0000E+00
 CH+ TOTAL(SUSY) [50]:  0.1694E+00  0.0000E+00  0.3993E+00
 CH+ TOTAL       [51]:  0.4242E+00  0.0000E+00  0.1000E+01
  
 * Note : WIDTH=GAMBRC(IM,1), BR[SM]   =GAMBRC(IM,2) 
                       and    BR[TOTAL]=GAMBRC(IM,3) 
 ---------------------------------------------------------
 ---------------------------------------------------------
  DNH4 at sqrt{s} = 0.2718E+03 GeV
 ---------------------------------------------------------
  DNH4[H1,H1]: |(0.1218E+01 0.2050E-01)| = 0.1218E+01
  DNH4[H2,H2]: |(0.4174E+01 -.7420E-01)| = 0.4174E+01
  DNH4[H3,H3]: |(0.4687E+01 -.4752E-01)| = 0.4687E+01
  DNH4[H1,H2]: |(0.1138E-05 0.1590E-04)| = 0.1594E-04
  DNH4[H1,H3]: |(-.4740E-04 0.7086E-02)| = 0.7086E-02
  DNH4[H2,H3]: |(-.2082E-04 -.7422E-03)| = 0.7425E-03
  DNH4[G0,H1]: |(-.2893E-09 0.1494E-06)| = 0.1494E-06
  DNH4[G0,H2]: |(-.6608E-05 -.3713E-03)| = 0.3714E-03
  DNH4[G0,H3]: |(-.7234E-07 -.5339E-06)| = 0.5388E-06
  DNH4[G0,G0]: |(0.1000E+01 -.1800E-04)| = 0.1000E+01
 ---------------------------------------------------------
  DCH2 at sqrt{s} = 0.2718E+03 GeV
 ---------------------------------------------------------
  DCH2[H+,H+]: |(0.6487E+01 -.5002E-01)| = 0.6487E+01
  DCH2[H+,G+]: |(-.3832E-03 -.3201E-01)| = 0.3201E-01
  DCH2[G+,H+]: |(-.3832E-03 -.3201E-01)| = 0.3201E-01
  DCH2[G+,G+]: |(0.9998E+00 -.4256E-02)| = 0.9998E+00
 ---------------------------------------------------------
  Comparisons of the H-photon-photon coupings at MH^pole
  and those at sqrt{s} = 0.2718E+03 GeV
 ---------------------------------------------------------
                  S couplings             P couplings
  H1PP(M): (0.6680E+01 -.7025E-01) (-.3612E-02 -.4349E-03)
  H1PP(S): (0.3914E+01 0.6603E+01) (-.4904E-02 -.4858E-02)
  H2PP(M): (0.6469E-01 0.1023E-01) (0.2760E+01 0.1605E+01)
  H2PP(S): (0.6299E-01 0.1522E-01) (0.1974E+01 0.1967E+01)
  H3PP(M): (-.1055E+01 0.4143E+00) (0.3476E-01 0.2186E-01)
  H3PP(S): (-.1161E+01 0.1066E+00) (0.2592E-01 0.2552E-01)
 ---------------------------------------------------------
  Comparisons of the H-glue-glue coupings at MH^pole
  and those at sqrt{s} = 0.2718E+03 GeV
 ---------------------------------------------------------
                  S couplings             P couplings
  H1GG(M): (-.5767E+00 -.7955E-01) (-.2267E-03 -.3350E-03)
  H1GG(S): (-.7252E+00 -.1803E-01) (-.5556E-03 -.7561E-04)
  H2GG(M): (0.1500E-01 -.7072E-05) (0.1545E+00 0.7791E-01)
  H2GG(S): (0.1545E-01 -.5562E-05) (0.1920E+00 0.6126E-01)
  H3GG(M): (-.2840E+00 0.7379E-01) (0.3108E-02 -.2112E-04)
  H3GG(S): (-.2831E+00 0.5978E-01) (0.3364E-02 -.1711E-04)
 ---------------------------------------------------------
  
 ---------------------------------------------------------
                      B -> X_s gamma
  delta and E_gamma^cut [GeV]: 0.3333E+00  0.1394E+01
 ---------------------------------------------------------
  b-q masses [GeV]  (pole,       @mb^pole,   @mt^pole):
                     0.4183E+01  0.3835E+01  0.2695E+01
  c-q masses [GeV]  (pole,       @mc^pole,   @mb^pole):
                     0.1154E+01  0.1010E+01  0.8123E+00
  mu_b and mu_c  [GeV]       : 0.4183E+01  0.1154E+01
 ---------------------------------------------------------
  BR  x 10^4: 0.3942E+01 (SM+Charged Higgs+Chargino)
             [0.4579E+01 (SM+Charged Higgs)]
             [0.3296E+01 (SM)]
  ACP x 10^2: 0.2029E+01 %
 ---------------------------------------------------------
  
 ---------------------------------------------------------
                      B Observables 
 ---------------------------------------------------------
  B(B_s -> mu  mu )   x 10^7 = 0.3595E-01
  B(B   -> X_s gamma) x 10^4 = 0.3942E+01
  B(B_u -> tau nu)/B(SM)     = 0.9780E+00
  B(B_d -> tau tau)   x 10^7 = 0.2223E+00
  ACP(B -> X_s gamma) x 10^2 = 0.2029E+01 [%]
  Delta M [B_d] (SUSY)       = 0.3011E-04 [1/ps]
  Delta M [B_s] (SUSY)       = 0.2223E-01 [1/ps]
 ---------------------------------------------------------
  
 ---------------------------------------------------------
        Thallium EDM in units of [e cm]: d^Tl/[e cm] 
 ---------------------------------------------------------
  d^Tl/(e cm) [Total]= -.6995E-25
  Each contribution to d^Tl from
              [d^E_e]= -.6524E-25
              [C_S  ]= -.4712E-26
 ---------------------------------------------------------
        Neutron  EDM in units of [e cm]: d^n/[e cm] 
 ---------------------------------------------------------
 (1) Chiral Quark Model
  d^n/(e cm)  [Total]= 0.3498E-24
  Each contribution to d^n from
             [d^E_u & d^E_d]= 0.3971E-26
             [d^C_u & d^C_d]= -.1345E-25
             [ Weinberg-6D ]= 0.3593E-24
  
 (2) Parton Quark Model
  d^n/(e cm)  [Total]= -.1047E-25
  Each contribution to d^n from
             [d^E_u        ]= 0.7427E-28
             [d^E_d        ]= 0.2194E-26
             [d^E_s        ]= -.1274E-25
  
 (3) QCD sum rule technique
  d^n/(e cm)  [Total]= 0.1567E-24
  Each contribution to d^n from
             [d^E_u & d^E_d]= 0.2725E-26
             [d^C_u & d^C_d]= -.3573E-25
             [ Weinberg-6D ]= 0.1897E-24
             [ C_bd & C_db ]= 0.2502E-28
 ---------------------------------------------------------
        Mercury EDM in units of [e cm]: d^Hg/[e cm] 
 ---------------------------------------------------------
  d^Hg/(e cm) [Total]= 0.2207E-27
  Each contribution to d^Hg from
             [d^E_e        ]= 0.1115E-29
             [d^C_u & d^C_d]= 0.2195E-27
             [C_4f         ]= -.3839E-30
             [C_S          ]= 0.3829E-30
