 ---------------------------------------------------------
  Masses and Mixing Matrix of Higgs bosons :
                                HMASS_H(I) and OMIX_H(A,I)
 ---------------------------------------------------------
  H1  Pole Mass           = 0.1256E+03 GeV
  H2  Pole Mass           = 0.2324E+03 GeV
  H3  Pole Mass           = 0.2326E+03 GeV
  Charged Higgs Pole Mass = 0.2500E+03 GeV [SSPARA_H(2)]
                          [H1]        [H2]        [H3]
           [phi_1] [ -.3176E-01  -.3751E-01  0.9988E+00  ]
  O(IA,IH)=[phi_2] [ -.9995E+00  -.2394E-02  -.3188E-01  ]
           [  a  ] [ 0.3586E-02  -.9993E+00  -.3742E-01  ]
 ---------------------------------------------------------
  
 ---------------------------------------------------------
  Masses and Mixing Matrix of Stop and Sbottom : 
      STMASS_H(I), STMIX_H(A,I), SBMASS_H(I), SBMIX_H(A,I)
 ---------------------------------------------------------
  Mass of Stop(1)    = 0.3391E+03 GeV
  Mass of Stop(2)    = 0.6561E+03 GeV
  U[Stop] = 
                 [1]                     [2]
  [L] [(0.7091E+00 0.0000E+00) (-.7838E-02 -.7051E+00) ]
  [R] [(0.7838E-02 -.7051E+00) (0.7091E+00 0.0000E+00) ]
  Theta = 0.4484E+02 Deg.  :  Phi = -.8936E+02 Deg. 
  
  Mass of Sbottom(1) = 0.4844E+03 GeV
  Mass of Sbottom(2) = 0.5192E+03 GeV
  U[Sbottom] = 
                 [1]                     [2]
  [L] [(0.6764E+00 0.0000E+00) (-.7276E+00 0.1144E+00) ]
  [R] [(0.7276E+00 0.1144E+00) (0.6764E+00 0.0000E+00) ]
  Theta = 0.4744E+02 Deg.  :  Phi = 0.8939E+01 Deg. 
 ---------------------------------------------------------
  Masses and Mixing Matrix of Sneutrino and Stau : 
                 SNU3MASS_H, STAUMASS_H(I), STAUMIX_H(A,I)
 ---------------------------------------------------------
  Mass of Sneutrino3 = 0.4958E+03 GeV
  
  Mass of Stau(1)    = 0.4882E+03 GeV
  Mass of Stau(2)    = 0.5156E+03 GeV
  U[Stau] = 
                 [1]                     [2]
  [L] [(0.7017E+00 0.0000E+00) (-.7061E+00 -.9497E-01) ]
  [R] [(0.7061E+00 -.9497E-01) (0.7017E+00 0.0000E+00) ]
  Theta = 0.4544E+02 Deg.  :  Phi = -.7659E+01 Deg. 
 ---------------------------------------------------------
 ---------------------------------------------------------
  Chargino Masses and Mixing Matrices : 
                         MC_H(I), UL_H(I,A), and UR_H(I,A)
 ---------------------------------------------------------
  MC1 = 0.1201E+03 GeV      MC2 = 0.2476E+03 GeV
  
  UL_H =
   [(0.4152E+00 0.0000E+00) (-.9097E+00 -.0000E+00) ]
   [(0.9097E+00 0.0000E+00) (0.4152E+00 0.0000E+00) ]
  
  UR_H =
   [(0.6742E+00 -.0000E+00) (-.7386E+00 0.0000E+00) ]
   [(0.7386E+00 -.0000E+00) (0.6742E+00 -.0000E+00) ]
 ---------------------------------------------------------
  Neutralino Masses MN_H(I) and Mixing Matrix N_H(I,A)
 ---------------------------------------------------------
  MN1 = 0.8380E+02 GeV      MN2 = 0.1316E+03 GeV
  MN3 = 0.1627E+03 GeV      MN4 = 0.2473E+03 GeV
  
  N_H(1,1) = (-.7905E+00 0.0000E+00) 
  N_H(1,2) = (0.2074E+00 0.0000E+00) 
  N_H(1,3) = (-.5002E+00 0.0000E+00) 
  N_H(1,4) = (0.2863E+00 0.0000E+00) 
  
  N_H(2,1) = (0.5848E+00 0.0000E+00) 
  N_H(2,2) = (0.5085E+00 0.0000E+00) 
  N_H(2,3) = (-.4741E+00 0.0000E+00) 
  N_H(2,4) = (0.4180E+00 0.0000E+00) 
  
  N_H(3,1) = (0.0000E+00 0.1166E+00) 
  N_H(3,2) = (0.0000E+00 -.1590E+00) 
  N_H(3,3) = (0.0000E+00 -.6633E+00) 
  N_H(3,4) = (0.0000E+00 -.7219E+00) 
  
  N_H(4,1) = (-.1400E+00 0.0000E+00) 
  N_H(4,2) = (0.8205E+00 0.0000E+00) 
  N_H(4,3) = (0.2917E+00 0.0000E+00) 
  N_H(4,4) = (-.4713E+00 0.0000E+00) 
 ---------------------------------------------------------
 ---------------------------------------------------------
                Neutral Higgs Boson Decays
 ---------------------------------------------------------
 DECAY MODE    [ IM]   WIDTH[GeV]  BR[SM]      BR[TOTAL]
 ---------------------------------------------------------
 H1 -> e    e  [  1]:  0.5267E-10  0.5178E-08  0.6818E-08
 H1 -> mu   mu [  2]:  0.2390E-05  0.2349E-03  0.3093E-03
 H1 -> tau  tau[  3]:  0.6856E-03  0.6532E-01  0.8875E-01
 H1 -> d    d  [  4]:  0.2834E-07  0.2818E-05  0.3668E-05
 H1 -> s    s  [  5]:  0.1041E-04  0.1035E-02  0.1348E-02
 H1 -> b    b  [  6]:  0.5614E-02  0.5659E+00  0.7268E+00
 H1 -> u    u  [  7]:  0.2803E-08  0.7046E-06  0.3628E-06
 H1 -> c    c  [  8]:  0.1013E-03  0.2546E-01  0.1311E-01
 H1 -> t    t  [  9]:  0.0000E+00  0.0000E+00  0.0000E+00
 H1 -> W    W  [ 10]:  0.9352E-03  0.2350E+00  0.1211E+00
 H1 -> Z    Z  [ 11]:  0.1131E-03  0.2841E-01  0.1464E-01
 H1 -> H1   Z  [ 12]:  0.0000E+00  0.0000E+00  0.0000E+00
 H1 -> H2   Z  [ 13]:  0.0000E+00  0.0000E+00  0.0000E+00
 H1 -> H1   H1 [ 14]:  0.0000E+00  0.0000E+00  0.0000E+00
 H1 -> H1   H2 [ 15]:  0.0000E+00  0.0000E+00  0.0000E+00
 H1 -> H2   H2 [ 16]:  0.0000E+00  0.0000E+00  0.0000E+00
 H1 -> ph   ph [ 17]:  0.1001E-04  0.2386E-02  0.1295E-02
 H1 -> gl   gl [ 18]:  0.2465E-03  0.7467E-01  0.3191E-01
 H1 -> Z    ph [ 19]:  0.6472E-05  0.1582E-02  0.8378E-03
 H1 TOTAL(SM)  [ 50]:  0.7725E-02  0.1000E+01  0.1000E+01
 H1 -> N1   N1 [ 51]:  0.0000E+00  0.0000E+00  0.0000E+00
 H1 -> N1   N2 [ 52]:  0.0000E+00  0.0000E+00  0.0000E+00
 H1 -> N1   N3 [ 53]:  0.0000E+00  0.0000E+00  0.0000E+00
 H1 -> N1   N4 [ 54]:  0.0000E+00  0.0000E+00  0.0000E+00
 H1 -> N2   N2 [ 55]:  0.0000E+00  0.0000E+00  0.0000E+00
 H1 -> N2   N3 [ 56]:  0.0000E+00  0.0000E+00  0.0000E+00
 H1 -> N2   N4 [ 57]:  0.0000E+00  0.0000E+00  0.0000E+00
 H1 -> N3   N3 [ 58]:  0.0000E+00  0.0000E+00  0.0000E+00
 H1 -> N3   N4 [ 59]:  0.0000E+00  0.0000E+00  0.0000E+00
 H1 -> N4   N4 [ 60]:  0.0000E+00  0.0000E+00  0.0000E+00
 H1 -> C1+  C1-[ 61]:  0.0000E+00  0.0000E+00  0.0000E+00
 H1 -> C1+  C2-[ 62]:  0.0000E+00  0.0000E+00  0.0000E+00
 H1 -> C2+  C1-[ 63]:  0.0000E+00  0.0000E+00  0.0000E+00
 H1 -> C2+  C2-[ 64]:  0.0000E+00  0.0000E+00  0.0000E+00
 H1 -> ST1* ST1[ 65]:  0.0000E+00  0.0000E+00  0.0000E+00
 H1 -> ST1* ST2[ 66]:  0.0000E+00  0.0000E+00  0.0000E+00
 H1 -> ST2* ST1[ 67]:  0.0000E+00  0.0000E+00  0.0000E+00
 H1 -> ST2* ST2[ 68]:  0.0000E+00  0.0000E+00  0.0000E+00
 H1 -> SB1* SB1[ 69]:  0.0000E+00  0.0000E+00  0.0000E+00
 H1 -> SB1* SB2[ 70]:  0.0000E+00  0.0000E+00  0.0000E+00
 H1 -> SB2* SB1[ 71]:  0.0000E+00  0.0000E+00  0.0000E+00
 H1 -> SB2* SB2[ 72]:  0.0000E+00  0.0000E+00  0.0000E+00
 H1 ->STA1*STA1[ 73]:  0.0000E+00  0.0000E+00  0.0000E+00
 H1 ->STA1*STA2[ 74]:  0.0000E+00  0.0000E+00  0.0000E+00
 H1 ->STA2*STA1[ 75]:  0.0000E+00  0.0000E+00  0.0000E+00
 H1 ->STA2*STA2[ 76]:  0.0000E+00  0.0000E+00  0.0000E+00
 H1 ->SNU3*SNU3[ 77]:  0.0000E+00  0.0000E+00  0.0000E+00
 H1 TOTAL(SUSY)[100]:  0.0000E+00  0.0000E+00  0.0000E+00
 H1 TOTAL      [101]:  0.7725E-02  0.1000E+01  0.1000E+01
  
 * Note : WIDTH=GAMBRN(IM,1,1), BR[SM]   =GAMBRN(IM,2,1) 
                       and      BR[TOTAL]=GAMBRN(IM,3,1) 
 ---------------------------------------------------------
                Neutral Higgs Boson Decays
 ---------------------------------------------------------
 DECAY MODE    [ IM]   WIDTH[GeV]  BR[SM]      BR[TOTAL]
 ---------------------------------------------------------
 H2 -> e    e  [  1]:  0.9531E-07  0.1321E-10  0.9616E-08
 H2 -> mu   mu [  2]:  0.4324E-02  0.5992E-06  0.4363E-03
 H2 -> tau  tau[  3]:  0.1306E+01  0.1668E-03  0.1318E+00
 H2 -> d    d  [  4]:  0.4464E-04  0.6517E-08  0.4503E-05
 H2 -> s    s  [  5]:  0.1640E-01  0.2394E-05  0.1654E-02
 H2 -> b    b  [  6]:  0.8380E+01  0.1311E-02  0.8454E+00
 H2 -> u    u  [  7]:  0.1906E-11  0.1629E-08  0.1923E-12
 H2 -> c    c  [  8]:  0.6887E-07  0.5888E-04  0.6948E-08
 H2 -> t    t  [  9]:  0.0000E+00  0.0000E+00  0.0000E+00
 H2 -> W    W  [ 10]:  0.2003E-04  0.7022E+00  0.2020E-05
 H2 -> Z    Z  [ 11]:  0.8426E-05  0.2954E+00  0.8500E-06
 H2 -> H1   Z  [ 12]:  0.2627E-04  0.0000E+00  0.2650E-05
 H2 -> H2   Z  [ 13]:  0.0000E+00  0.0000E+00  0.0000E+00
 H2 -> H1   H1 [ 14]:  0.0000E+00  0.0000E+00  0.0000E+00
 H2 -> H1   H2 [ 15]:  0.0000E+00  0.0000E+00  0.0000E+00
 H2 -> H2   H2 [ 16]:  0.0000E+00  0.0000E+00  0.0000E+00
 H2 -> ph   ph [ 17]:  0.2270E-05  0.3192E-04  0.2290E-06
 H2 -> gl   gl [ 18]:  0.4441E-02  0.6874E-03  0.4480E-03
 H2 -> Z    ph [ 19]:  0.7050E-06  0.1218E-03  0.7112E-07
 H2 TOTAL(SM)  [ 50]:  0.9711E+01  0.1000E+01  0.9797E+00
 H2 -> N1   N1 [ 51]:  0.1433E+00  0.0000E+00  0.1446E-01
 H2 -> N1   N2 [ 52]:  0.5767E-01  0.0000E+00  0.5818E-02
 H2 -> N1   N3 [ 53]:  0.0000E+00  0.0000E+00  0.0000E+00
 H2 -> N1   N4 [ 54]:  0.0000E+00  0.0000E+00  0.0000E+00
 H2 -> N2   N2 [ 55]:  0.0000E+00  0.0000E+00  0.0000E+00
 H2 -> N2   N3 [ 56]:  0.0000E+00  0.0000E+00  0.0000E+00
 H2 -> N2   N4 [ 57]:  0.0000E+00  0.0000E+00  0.0000E+00
 H2 -> N3   N3 [ 58]:  0.0000E+00  0.0000E+00  0.0000E+00
 H2 -> N3   N4 [ 59]:  0.0000E+00  0.0000E+00  0.0000E+00
 H2 -> N4   N4 [ 60]:  0.0000E+00  0.0000E+00  0.0000E+00
 H2 -> C1+  C1-[ 61]:  0.0000E+00  0.0000E+00  0.0000E+00
 H2 -> C1+  C2-[ 62]:  0.0000E+00  0.0000E+00  0.0000E+00
 H2 -> C2+  C1-[ 63]:  0.0000E+00  0.0000E+00  0.0000E+00
 H2 -> C2+  C2-[ 64]:  0.0000E+00  0.0000E+00  0.0000E+00
 H2 -> ST1* ST1[ 65]:  0.0000E+00  0.0000E+00  0.0000E+00
 H2 -> ST1* ST2[ 66]:  0.0000E+00  0.0000E+00  0.0000E+00
 H2 -> ST2* ST1[ 67]:  0.0000E+00  0.0000E+00  0.0000E+00
 H2 -> ST2* ST2[ 68]:  0.0000E+00  0.0000E+00  0.0000E+00
 H2 -> SB1* SB1[ 69]:  0.0000E+00  0.0000E+00  0.0000E+00
 H2 -> SB1* SB2[ 70]:  0.0000E+00  0.0000E+00  0.0000E+00
 H2 -> SB2* SB1[ 71]:  0.0000E+00  0.0000E+00  0.0000E+00
 H2 -> SB2* SB2[ 72]:  0.0000E+00  0.0000E+00  0.0000E+00
 H2 ->STA1*STA1[ 73]:  0.0000E+00  0.0000E+00  0.0000E+00
 H2 ->STA1*STA2[ 74]:  0.0000E+00  0.0000E+00  0.0000E+00
 H2 ->STA2*STA1[ 75]:  0.0000E+00  0.0000E+00  0.0000E+00
 H2 ->STA2*STA2[ 76]:  0.0000E+00  0.0000E+00  0.0000E+00
 H2 ->SNU3*SNU3[ 77]:  0.0000E+00  0.0000E+00  0.0000E+00
 H2 TOTAL(SUSY)[100]:  0.2010E+00  0.0000E+00  0.2028E-01
 H2 TOTAL      [101]:  0.9912E+01  0.1000E+01  0.1000E+01
  
 * Note : WIDTH=GAMBRN(IM,1,2), BR[SM]   =GAMBRN(IM,2,2) 
                       and      BR[TOTAL]=GAMBRN(IM,3,2) 
 ---------------------------------------------------------
                Neutral Higgs Boson Decays
 ---------------------------------------------------------
 DECAY MODE    [ IM]   WIDTH[GeV]  BR[SM]      BR[TOTAL]
 ---------------------------------------------------------
 H3 -> e    e  [  1]:  0.9534E-07  0.1317E-10  0.9746E-08
 H3 -> mu   mu [  2]:  0.4325E-02  0.5974E-06  0.4422E-03
 H3 -> tau  tau[  3]:  0.1306E+01  0.1663E-03  0.1335E+00
 H3 -> d    d  [  4]:  0.4464E-04  0.6497E-08  0.4563E-05
 H3 -> s    s  [  5]:  0.1640E-01  0.2387E-05  0.1676E-02
 H3 -> b    b  [  6]:  0.8377E+01  0.1307E-02  0.8564E+00
 H3 -> u    u  [  7]:  0.4787E-11  0.1624E-08  0.4894E-12
 H3 -> c    c  [  8]:  0.1730E-06  0.5870E-04  0.1769E-07
 H3 -> t    t  [  9]:  0.0000E+00  0.0000E+00  0.0000E+00
 H3 -> W    W  [ 10]:  0.2880E-03  0.7021E+00  0.2945E-04
 H3 -> Z    Z  [ 11]:  0.1212E-03  0.2955E+00  0.1239E-04
 H3 -> H1   Z  [ 12]:  0.1870E-05  0.0000E+00  0.1912E-06
 H3 -> H2   Z  [ 13]:  0.3456E-15  0.0000E+00  0.3533E-16
 H3 -> H1   H1 [ 14]:  0.0000E+00  0.0000E+00  0.0000E+00
 H3 -> H1   H2 [ 15]:  0.0000E+00  0.0000E+00  0.0000E+00
 H3 -> H2   H2 [ 16]:  0.0000E+00  0.0000E+00  0.0000E+00
 H3 -> ph   ph [ 17]:  0.4438E-05  0.3183E-04  0.4537E-06
 H3 -> gl   gl [ 18]:  0.4362E-02  0.6868E-03  0.4460E-03
 H3 -> Z    ph [ 19]:  0.4784E-05  0.1215E-03  0.4890E-06
 H3 TOTAL(SM)  [ 50]:  0.9709E+01  0.1000E+01  0.9925E+00
 H3 -> N1   N1 [ 51]:  0.6511E-01  0.0000E+00  0.6657E-02
 H3 -> N1   N2 [ 52]:  0.7994E-02  0.0000E+00  0.8172E-03
 H3 -> N1   N3 [ 53]:  0.0000E+00  0.0000E+00  0.0000E+00
 H3 -> N1   N4 [ 54]:  0.0000E+00  0.0000E+00  0.0000E+00
 H3 -> N2   N2 [ 55]:  0.0000E+00  0.0000E+00  0.0000E+00
 H3 -> N2   N3 [ 56]:  0.0000E+00  0.0000E+00  0.0000E+00
 H3 -> N2   N4 [ 57]:  0.0000E+00  0.0000E+00  0.0000E+00
 H3 -> N3   N3 [ 58]:  0.0000E+00  0.0000E+00  0.0000E+00
 H3 -> N3   N4 [ 59]:  0.0000E+00  0.0000E+00  0.0000E+00
 H3 -> N4   N4 [ 60]:  0.0000E+00  0.0000E+00  0.0000E+00
 H3 -> C1+  C1-[ 61]:  0.0000E+00  0.0000E+00  0.0000E+00
 H3 -> C1+  C2-[ 62]:  0.0000E+00  0.0000E+00  0.0000E+00
 H3 -> C2+  C1-[ 63]:  0.0000E+00  0.0000E+00  0.0000E+00
 H3 -> C2+  C2-[ 64]:  0.0000E+00  0.0000E+00  0.0000E+00
 H3 -> ST1* ST1[ 65]:  0.0000E+00  0.0000E+00  0.0000E+00
 H3 -> ST1* ST2[ 66]:  0.0000E+00  0.0000E+00  0.0000E+00
 H3 -> ST2* ST1[ 67]:  0.0000E+00  0.0000E+00  0.0000E+00
 H3 -> ST2* ST2[ 68]:  0.0000E+00  0.0000E+00  0.0000E+00
 H3 -> SB1* SB1[ 69]:  0.0000E+00  0.0000E+00  0.0000E+00
 H3 -> SB1* SB2[ 70]:  0.0000E+00  0.0000E+00  0.0000E+00
 H3 -> SB2* SB1[ 71]:  0.0000E+00  0.0000E+00  0.0000E+00
 H3 -> SB2* SB2[ 72]:  0.0000E+00  0.0000E+00  0.0000E+00
 H3 ->STA1*STA1[ 73]:  0.0000E+00  0.0000E+00  0.0000E+00
 H3 ->STA1*STA2[ 74]:  0.0000E+00  0.0000E+00  0.0000E+00
 H3 ->STA2*STA1[ 75]:  0.0000E+00  0.0000E+00  0.0000E+00
 H3 ->STA2*STA2[ 76]:  0.0000E+00  0.0000E+00  0.0000E+00
 H3 ->SNU3*SNU3[ 77]:  0.0000E+00  0.0000E+00  0.0000E+00
 H3 TOTAL(SUSY)[100]:  0.7311E-01  0.0000E+00  0.7474E-02
 H3 TOTAL      [101]:  0.9782E+01  0.1000E+01  0.1000E+01
  
 * Note : WIDTH=GAMBRN(IM,1,3), BR[SM]   =GAMBRN(IM,2,3) 
                       and      BR[TOTAL]=GAMBRN(IM,3,3) 
 ---------------------------------------------------------
 ---------------------------------------------------------
                Charged Higgs Boson Decays
 ---------------------------------------------------------
 DECAY MODE      [IM]   WIDTH[GeV]  BR[SM]      BR[TOTAL]
 ---------------------------------------------------------
 CH+ -> e+   nu  [ 1]:  0.1025E-06  0.0000E+00  0.2439E-07
 CH+ -> mu+  nu  [ 2]:  0.4653E-02  0.0000E+00  0.1106E-02
 CH+ -> tau+ nu  [ 3]:  0.1295E+01  0.0000E+00  0.3080E+00
 CH+ -> u    d   [ 4]:  0.2376E-04  0.0000E+00  0.5650E-05
 CH+ -> c    s   [ 5]:  0.8760E-02  0.0000E+00  0.2083E-02
 CH+ -> t    b   [ 6]:  0.2795E+01  0.0000E+00  0.6648E+00
 CH+ -> H1   W   [ 7]:  0.1306E-03  0.0000E+00  0.3105E-04
 CH+ -> H2   W   [ 8]:  0.2066E-05  0.0000E+00  0.4914E-06
 CH+ -> H3   W   [ 9]:  0.1953E-05  0.0000E+00  0.4644E-06
 CH+ TOTAL(SM)   [25]:  0.4104E+01  0.0000E+00  0.9761E+00
 CH+ -> N1   C1+ [26]:  0.1007E+00  0.0000E+00  0.2395E-01
 CH+ -> N2   C1+ [27]:  0.0000E+00  0.0000E+00  0.0000E+00
 CH+ -> N3   C1+ [28]:  0.0000E+00  0.0000E+00  0.0000E+00
 CH+ -> N4   C1+ [29]:  0.0000E+00  0.0000E+00  0.0000E+00
 CH+ -> N1   C2+ [30]:  0.0000E+00  0.0000E+00  0.0000E+00
 CH+ -> N2   C2+ [31]:  0.0000E+00  0.0000E+00  0.0000E+00
 CH+ -> N3   C2+ [32]:  0.0000E+00  0.0000E+00  0.0000E+00
 CH+ -> N4   C2+ [33]:  0.0000E+00  0.0000E+00  0.0000E+00
 CH+ -> ST1 SB1* [34]:  0.0000E+00  0.0000E+00  0.0000E+00
 CH+ -> ST1 SB2* [35]:  0.0000E+00  0.0000E+00  0.0000E+00
 CH+ -> ST2 SB1* [36]:  0.0000E+00  0.0000E+00  0.0000E+00
 CH+ -> ST2 SB2* [37]:  0.0000E+00  0.0000E+00  0.0000E+00
 CH+ ->SNU3 STA1*[38]:  0.0000E+00  0.0000E+00  0.0000E+00
 CH+ ->SNU3 STA2*[39]:  0.0000E+00  0.0000E+00  0.0000E+00
 CH+ TOTAL(SUSY) [50]:  0.1007E+00  0.0000E+00  0.2395E-01
 CH+ TOTAL       [51]:  0.4205E+01  0.0000E+00  0.1000E+01
  
 * Note : WIDTH=GAMBRC(IM,1), BR[SM]   =GAMBRC(IM,2) 
                       and    BR[TOTAL]=GAMBRC(IM,3) 
 ---------------------------------------------------------
 ---------------------------------------------------------
  DNH4 at sqrt{s} = 0.2718E+03 GeV
 ---------------------------------------------------------
  DNH4[H1,H1]: |(0.1271E+01 0.2238E-01)| = 0.1271E+01
  DNH4[H2,H2]: |(0.3619E+01 -.5856E+00)| = 0.3666E+01
  DNH4[H3,H3]: |(0.3642E+01 -.5690E+00)| = 0.3686E+01
  DNH4[H1,H2]: |(0.2179E-03 0.1505E-02)| = 0.1520E-02
  DNH4[H1,H3]: |(0.1072E-02 0.7752E-02)| = 0.7826E-02
  DNH4[H2,H3]: |(-.2305E-03 -.6829E-03)| = 0.7208E-03
  DNH4[G0,H1]: |(-.1964E-06 0.5347E-06)| = 0.5697E-06
  DNH4[G0,H2]: |(-.4873E-03 -.3012E-02)| = 0.3052E-02
  DNH4[G0,H3]: |(0.1051E-03 0.6766E-03)| = 0.6847E-03
  DNH4[G0,G0]: |(0.1000E+01 -.1757E-04)| = 0.1000E+01
 ---------------------------------------------------------
  DCH2 at sqrt{s} = 0.2718E+03 GeV
 ---------------------------------------------------------
  DCH2[H+,H+]: |(0.6391E+01 -.7862E+00)| = 0.6440E+01
  DCH2[H+,G+]: |(0.2474E-03 0.1477E-02)| = 0.1498E-02
  DCH2[G+,H+]: |(0.2474E-03 0.1477E-02)| = 0.1498E-02
  DCH2[G+,G+]: |(0.9981E+00 -.4349E-01)| = 0.9991E+00
 ---------------------------------------------------------
  Comparisons of the H-photon-photon coupings at MH^pole
  and those at sqrt{s} = 0.2718E+03 GeV
 ---------------------------------------------------------
                  S couplings             P couplings
  H1PP(M): (0.6668E+01 -.6534E-01) (0.7335E-03 -.4022E-02)
  H1PP(S): (0.3492E+01 0.6263E+01) (-.5154E-02 -.6319E-02)
  H2PP(M): (0.5739E-01 0.6840E-01) (0.1118E+01 0.6127E+00)
  H2PP(S): (0.7894E-01 0.6388E-01) (0.1164E+01 0.1923E+01)
  H3PP(M): (-.1644E+01 0.6856E+00) (0.1460E+00 -.4879E-01)
  H3PP(S): (-.1737E+01 0.2010E+00) (0.1257E+00 0.2306E-01)
 ---------------------------------------------------------
  Comparisons of the H-glue-glue coupings at MH^pole
  and those at sqrt{s} = 0.2718E+03 GeV
 ---------------------------------------------------------
                  S couplings             P couplings
  H1GG(M): (-.5912E+00 -.7447E-01) (-.7935E-04 -.5841E-04)
  H1GG(S): (-.7322E+00 -.1958E-01) (-.1456E-03 -.1531E-04)
  H2GG(M): (-.1728E+00 0.1946E+00) (-.7837E+00 0.7441E+00)
  H2GG(S): (-.1341E+00 0.1478E+00) (-.6198E+00 0.5650E+00)
  H3GG(M): (-.7661E+00 0.7418E+00) (0.2174E+00 -.1946E+00)
  H3GG(S): (-.6230E+00 0.5643E+00) (0.1760E+00 -.1480E+00)
 ---------------------------------------------------------
  
 ---------------------------------------------------------
                      B -> X_s gamma
  delta and E_gamma^cut [GeV]: 0.3333E+00  0.1394E+01
 ---------------------------------------------------------
  b-q masses [GeV]  (pole,       @mb^pole,   @mt^pole):
                     0.4182E+01  0.3835E+01  0.2693E+01
  c-q masses [GeV]  (pole,       @mc^pole,   @mb^pole):
                     0.1154E+01  0.1010E+01  0.8123E+00
  mu_b and mu_c  [GeV]       : 0.4182E+01  0.1154E+01
 ---------------------------------------------------------
  BR  x 10^4: 0.1298E+02 (SM+Charged Higgs+Chargino)
             [0.4337E+01 (SM+Charged Higgs)]
             [0.3311E+01 (SM)]
  ACP x 10^2: 0.4271E+01 %
 ---------------------------------------------------------
  
 ---------------------------------------------------------
                      B Observables 
 ---------------------------------------------------------
  B(B_s -> mu  mu )   x 10^7 = 0.4188E+02
  B(B   -> X_s gamma) x 10^4 = 0.1298E+02
  B(B_u -> tau nu)/B(SM)     = 0.1229E-01
  B(B_d -> tau tau)   x 10^7 = 0.2018E+03
  ACP(B -> X_s gamma) x 10^2 = 0.4271E+01 [%]
  Delta M [B_d] (SUSY)       = 0.3891E-01 [1/ps]
  Delta M [B_s] (SUSY)       = 0.2986E+02 [1/ps]
 ---------------------------------------------------------
  
 ---------------------------------------------------------
        Thallium EDM in units of [e cm]: d^Tl/[e cm] 
 ---------------------------------------------------------
  d^Tl/(e cm) [Total]= -.1250E-22
  Each contribution to d^Tl from
              [d^E_e]= -.4448E-23
              [C_S  ]= -.8051E-23
 ---------------------------------------------------------
        Neutron  EDM in units of [e cm]: d^n/[e cm] 
 ---------------------------------------------------------
 (1) Chiral Quark Model
  d^n/(e cm)  [Total]= 0.9592E-24
  Each contribution to d^n from
             [d^E_u & d^E_d]= 0.7320E-24
             [d^C_u & d^C_d]= -.9656E-24
             [ Weinberg-6D ]= 0.1193E-23
  
 (2) Parton Quark Model
  d^n/(e cm)  [Total]= -.1969E-23
  Each contribution to d^n from
             [d^E_u        ]= -.1284E-27
             [d^E_d        ]= 0.4096E-24
             [d^E_s        ]= -.2378E-23
  
 (3) QCD sum rule technique
  d^n/(e cm)  [Total]= -.1369E-23
  Each contribution to d^n from
             [d^E_u & d^E_d]= 0.5023E-24
             [d^C_u & d^C_d]= -.2524E-23
             [ Weinberg-6D ]= 0.6298E-24
             [ C_bd & C_db ]= 0.2252E-25
 ---------------------------------------------------------
        Mercury EDM in units of [e cm]: d^Hg/[e cm] 
 ---------------------------------------------------------
  d^Hg/(e cm) [Total]= 0.1667E-25
  Each contribution to d^Hg from
             [d^E_e        ]= 0.7604E-28
             [d^C_u & d^C_d]= 0.1605E-25
             [C_4f         ]= -.4218E-27
             [C_S          ]= 0.6542E-27
